<?xml version="1.0" encoding="UTF-8"?>
<testng-results ignored="0" total="4" passed="4" failed="0" skipped="0">
  <reporter-output>
  </reporter-output>
  <suite started-at="2026-09-17T22:13:50 IST" name="Surefire suite" finished-at="2026-09-17T22:13:50 IST" duration-ms="52">
    <groups>
    </groups>
    <test started-at="2026-09-17T22:13:50 IST" name="Surefire test" finished-at="2026-09-17T22:13:50 IST" duration-ms="52">
      <class name="com.framework2.ProductTest">
        <test-method signature="createProduct()[pri:0, instance:com.framework2.ProductTest@3b07a0d6]" started-at="2026-09-17T22:13:50 IST" name="createProduct" finished-at="2026-09-17T22:13:50 IST" duration-ms="1" status="PASS">
          <reporter-output>
          </reporter-output>
        </test-method> <!-- createProduct -->
        <test-method signature="editProduct()[pri:0, instance:com.framework2.ProductTest@3b07a0d6]" started-at="2026-09-17T22:13:50 IST" name="editProduct" finished-at="2026-09-17T22:13:50 IST" duration-ms="1" status="PASS">
          <reporter-output>
          </reporter-output>
        </test-method> <!-- editProduct -->
      </class> <!-- com.framework2.ProductTest -->
      <class name="com.framework1.ContactTest">
        <test-method signature="createContact()[pri:0, instance:com.framework1.ContactTest@233fe9b6]" started-at="2026-09-17T22:13:50 IST" name="createContact" finished-at="2026-09-17T22:13:50 IST" duration-ms="5" status="PASS">
          <reporter-output>
          </reporter-output>
        </test-method> <!-- createContact -->
        <test-method signature="editContact()[pri:0, instance:com.framework1.ContactTest@233fe9b6]" started-at="2026-09-17T22:13:50 IST" name="editContact" finished-at="2026-09-17T22:13:50 IST" duration-ms="1" status="PASS">
          <reporter-output>
          </reporter-output>
        </test-method> <!-- editContact -->
      </class> <!-- com.framework1.ContactTest -->
    </test> <!-- Surefire test -->
  </suite> <!-- Surefire suite -->
</testng-results>
