<?xml version="1.0" encoding="UTF-8"?>
<!-- Generated by org.testng.reporters.JUnitXMLReporter -->
<testsuite ignored="0" hostname="DESKTOP-ORUUPB7" failures="0" tests="4" name="Test" time="0.043" errors="0" timestamp="2026-09-15T10:52:07 IST">
  <testcase classname="com.framework1.ContactTest" name="createContact" time="0.003"/>
  <testcase classname="com.framework1.ContactTest" name="editContact" time="0.002"/>
  <testcase classname="com.framework2.ProductTest" name="createProduct" time="0.0"/>
  <testcase classname="com.framework2.ProductTest" name="editProduct" time="0.001"/>
</testsuite> <!-- Test -->
