<?xml version="1.0" encoding="UTF-8"?>
<!-- Generated by org.testng.reporters.JUnitReportReporter -->
<testsuite hostname="DESKTOP-ORUUPB7" failures="0" tests="3" name="com.framework1.ContactTest" time="0.005" errors="0" timestamp="2026-09-18T10:06:53 IST" skipped="0">
  <testcase classname="com.framework1.ContactTest" name="deleteContact" time="0.000"/>
  <testcase classname="com.framework1.ContactTest" name="editContact" time="0.000"/>
  <testcase classname="com.framework1.ContactTest" name="createContact" time="0.005"/>
</testsuite> <!-- com.framework1.ContactTest -->
