<?xml version="1.0" encoding="UTF-8"?>
<!-- Generated by org.testng.reporters.JUnitXMLReporter -->
<testsuite ignored="0" hostname="DESKTOP-ORUUPB7" failures="0" tests="4" name="Surefire test" time="0.048" errors="0" timestamp="2026-09-18T10:37:36 IST">
  <testcase classname="com.framework1.ContactTest" name="createContact" time="0.005"/>
  <testcase classname="com.framework1.ContactTest" name="editContact" time="0.001"/>
  <testcase classname="com.framework2.ProductTest" name="createProduct" time="0.001"/>
  <testcase classname="com.framework2.ProductTest" name="editProduct" time="0.0"/>
</testsuite> <!-- Surefire test -->
